        -:    0:Source:details.cpp
        -:    1:#include "details.h"
        4:    2:void* details::setdetails()
        -:    3:{
        4:    4:	cout<<"Enter UserID: ";
        4:    5:	cin>>uid;
        4:    6:	cout<<"Enter Password: ";
        4:    7:	cin>>password;
        4:    8:}
        2:    9:void* details::registeruser()
        -:   10:{
        2:   11:	details *d2=new details;
        2:   12:	d2->setdetails();
        2:   13:	return d2;
        -:   14:}
        2:   15:void* details::loginuser()
        -:   16:{
        2:   17:	details *d3=new details;
        2:   18:	d3->setdetails();
        2:   19:	return d3;
        -:   20:}
        4:   21:void* details:: choose(int option)
        -:   22:{
        -:   23:	void *buff;
        4:   24:	switch(option)
        -:   25:	{
        2:   26:		case 1:
        2:   27:			cout<<"Enter credentials to register"<<endl;
        2:   28:			buff=registeruser();		
        2:   29:			break;
        2:   30:		case 2:
        2:   31:			cout<<"Enter the login credentials"<<endl;
        2:   32:			buff=loginuser();										
        -:   33:	}
        4:   34:	return buff;
        -:   35:
        -:   36:}
    #####:   37:void details::database(details *d1)
        -:   38:{
    #####:   39:	fstream fs;
    #####:   40:	fs.open("registered.txt",ios::in | ios::app);
    #####:   41:	size_t size=sizeof(details);
    #####:   42:	fs.write(reinterpret_cast<const char*>(d1),size);
    #####:   43:	fs.close();
    #####:   44:}
        -:   45:/*char* details::validate(details *d1)
        -:   46:{
        -:   47:}*/
        -:   48:
