        -:    0:Source:SockClient.h
        -:    1:#pragma once
        -:    2:
        -:    3:#include <iostream>
        -:    4:#include <string.h>
        -:    5:#include <sys/types.h>
        -:    6:#include <sys/socket.h>
        -:    7:#include <netinet/in.h>
        -:    8:#include <arpa/inet.h>
        -:    9:#include <sys/wait.h>
        -:   10:#include <fcntl.h>
        -:   11:#include <unistd.h>
        -:   12:#include <stdlib.h>
        -:   13:#include <thread>
        -:   14:#include <string>
        -:   15:#include <future>
        -:   16:#include<signal.h>
        -:   17:#define MAX_BUF 4096
        -:   18:
        -:   19:using namespace std;
        -:   20:
        -:   21:
        -:   22:class Client{
        -:   23:	private:
        -:   24:		int sockfd;
        -:   25:		int newsockfd;
        -:   26:		int Port;
        -:   27:		string ipaddr;
        -:   28:		struct sockaddr_in server_addr;
        -:   29:		struct sockaddr_in client_addr;
        -:   30:		socklen_t len;
        -:   31:	public:
        -:   32:	//	Client() { Port = 8080; ipaddr = "0.0.0.0"; }
        2:   33:		Client(int _pno, string _ip) { Port = _pno; ipaddr = _ip; }
        -:   34:		void Create_Socket();
        -:   35:		void ConnectClient();
        -:   36:		void cliClose(int);
        2:   37:		int getCliSockfd() { return sockfd; }
        -:   38:		struct sockaddr_in getClientAddr(){ return client_addr; }
        -:   39:		socklen_t getCAddrlen() { return len; }
        -:   40:		void choose(int);	
        -:   41:};
        -:   42:
        -:   43:void ReadData(int&, char*);
        -:   44:void WriteData(int&, char*);
        -:   45://function to recieve the data from server
        -:   46:void RecvData(int clientSocketFd, int flags);
        -:   47://function to send data to the server
        -:   48:void SendData(int clientSocketFd, int flags);
