        -:    0:Source:details.h
        -:    1:#pragma once
        -:    2:#include<iostream>
        -:    3:#include<cstring>
        -:    4:#include<string.h>
        -:    5:#include<string>
        -:    6:#include<ctype.h>
        -:    7://#include<cstring>
        -:    8:#include<bits/stdc++.h>
        -:    9:using namespace std;
        -:   10:class details
        -:   11:{
        -:   12:	private:
        -:   13:		char uid[20];
        -:   14:		char password[20];
        -:   15:	public:
        -:   16:		void* setdetails();
    #####:   17:		char* getUID(){ return uid;}
    #####:   18:		char* getPassword(){ return password;}
        -:   19:		void getdetails(){
        -:   20:			cout<<uid<<endl;
        -:   21:			cout<<password<<endl;}
        -:   22:		char* validate(details *d);
        -:   23:		void* choose(int);
        -:   24:		void* registeruser();
        -:   25:		void* loginuser();
        -:   26:		void database(details *);
        -:   27:};
