        -:    0:Source:details.cpp
        -:    1:#include "details.h"
    #####:    2:void* details::setdetails()
        -:    3:{
    #####:    4:	cout<<"Enter UserID: ";
    #####:    5:	cin>>uid;
    #####:    6:	cout<<"Enter Password: ";
    #####:    7:	cin>>password;
    #####:    8:}
    #####:    9:void* details::registeruser()
        -:   10:{
    #####:   11:	details *d2=new details;
    #####:   12:	d2->setdetails();
    #####:   13:	return d2;
        -:   14:}
    #####:   15:void* details::loginuser()
        -:   16:{
    #####:   17:	details *d3=new details;
    #####:   18:	d3->setdetails();
    #####:   19:	return d3;
        -:   20:}
    #####:   21:void* details:: choose(int option)
        -:   22:{
        -:   23:	void *buff;
    #####:   24:	switch(option)
        -:   25:	{
    #####:   26:		case 1:
    #####:   27:			cout<<"Enter credentials to register"<<endl;
    #####:   28:			buff=registeruser();		
    #####:   29:			break;
    #####:   30:		case 2:
    #####:   31:			cout<<"Enter the login credentials"<<endl;
    #####:   32:			buff=loginuser();										
        -:   33:	}
    #####:   34:	return buff;
        -:   35:
        -:   36:}
    #####:   37:void details::database(details *d1)
        -:   38:{
    #####:   39:	fstream fs;
    #####:   40:	fs.open("registered.txt",ios::in | ios::app);
    #####:   41:	size_t size=sizeof(details);
    #####:   42:	fs.write(reinterpret_cast<const char*>(d1),size);
    #####:   43:	fs.close();
    #####:   44:}
        -:   45:/*char* details::validate(details *d1)
        -:   46:{
        -:   47:}*/
        -:   48:
