        -:    0:Source:details.cpp
        -:    1:#include"details.h"
        -:    2:/*This function is used to get the user ID and Password
        -:    3: from the client for registration and login*/
    #####:    4:void details::setdetails()
        -:    5:{
    #####:    6:	cout<<"Enter UserID: ";
    #####:    7:	cin>>uid;
    #####:    8:	cout<<"Enter Password: ";
    #####:    9:	cin>>password;
    #####:   10:}
        -:   11:/*This function is used to store the registered users
        -:   12: data into a file*/
    #####:   13:void details::database(char* data)
        -:   14:{
    #####:   15:	fstream file;
    #####:   16:	file.open("data/registered.txt", ios::in | ios::app);
    #####:   17:	file<<data<<endl;
    #####:   18:	file.close();
    #####:   19:}
